Determining if the pthread_create exist failed with the following output:
Change Dir: /home/roskinetic/dev/ros/src/mobile_robot_sim/build/CMakeFiles/CMakeTmp

Run Build Command:"/usr/bin/make" "cmTC_008ef/fast"
/usr/bin/make -f CMakeFiles/cmTC_008ef.dir/build.make CMakeFiles/cmTC_008ef.dir/build
make[1]: Entering directory '/home/roskinetic/dev/ros/src/mobile_robot_sim/build/CMakeFiles/CMakeTmp'
Building C object CMakeFiles/cmTC_008ef.dir/CheckSymbolExists.c.o
/usr/bin/cc     -o CMakeFiles/cmTC_008ef.dir/CheckSymbolExists.c.o   -c /home/roskinetic/dev/ros/src/mobile_robot_sim/build/CMakeFiles/CMakeTmp/CheckSymbolExists.c
Linking C executable cmTC_008ef
/usr/bin/cmake -E cmake_link_script CMakeFiles/cmTC_008ef.dir/link.txt --verbose=1
/usr/bin/cc       CMakeFiles/cmTC_008ef.dir/CheckSymbolExists.c.o  -o cmTC_008ef -rdynamic 
CMakeFiles/cmTC_008ef.dir/CheckSymbolExists.c.o: In function `main':
CheckSymbolExists.c:(.text+0x16): undefined reference to `pthread_create'
collect2: error: ld returned 1 exit status
CMakeFiles/cmTC_008ef.dir/build.make:97: recipe for target 'cmTC_008ef' failed
make[1]: *** [cmTC_008ef] Error 1
make[1]: Leaving directory '/home/roskinetic/dev/ros/src/mobile_robot_sim/build/CMakeFiles/CMakeTmp'
Makefile:126: recipe for target 'cmTC_008ef/fast' failed
make: *** [cmTC_008ef/fast] Error 2

File /home/roskinetic/dev/ros/src/mobile_robot_sim/build/CMakeFiles/CMakeTmp/CheckSymbolExists.c:
/* */
#include <pthread.h>

int main(int argc, char** argv)
{
  (void)argv;
#ifndef pthread_create
  return ((int*)(&pthread_create))[argc];
#else
  (void)argc;
  return 0;
#endif
}

Determining if the function pthread_create exists in the pthreads failed with the following output:
Change Dir: /home/roskinetic/dev/ros/src/mobile_robot_sim/build/CMakeFiles/CMakeTmp

Run Build Command:"/usr/bin/make" "cmTC_6e2c7/fast"
/usr/bin/make -f CMakeFiles/cmTC_6e2c7.dir/build.make CMakeFiles/cmTC_6e2c7.dir/build
make[1]: Entering directory '/home/roskinetic/dev/ros/src/mobile_robot_sim/build/CMakeFiles/CMakeTmp'
Building C object CMakeFiles/cmTC_6e2c7.dir/CheckFunctionExists.c.o
/usr/bin/cc    -DCHECK_FUNCTION_EXISTS=pthread_create   -o CMakeFiles/cmTC_6e2c7.dir/CheckFunctionExists.c.o   -c /usr/share/cmake-3.5/Modules/CheckFunctionExists.c
Linking C executable cmTC_6e2c7
/usr/bin/cmake -E cmake_link_script CMakeFiles/cmTC_6e2c7.dir/link.txt --verbose=1
/usr/bin/cc   -DCHECK_FUNCTION_EXISTS=pthread_create    CMakeFiles/cmTC_6e2c7.dir/CheckFunctionExists.c.o  -o cmTC_6e2c7 -rdynamic -lpthreads 
/usr/bin/ld: cannot find -lpthreads
collect2: error: ld returned 1 exit status
CMakeFiles/cmTC_6e2c7.dir/build.make:97: recipe for target 'cmTC_6e2c7' failed
make[1]: *** [cmTC_6e2c7] Error 1
make[1]: Leaving directory '/home/roskinetic/dev/ros/src/mobile_robot_sim/build/CMakeFiles/CMakeTmp'
Makefile:126: recipe for target 'cmTC_6e2c7/fast' failed
make: *** [cmTC_6e2c7/fast] Error 2


